find --set-root /BOOT/GRUB/submenu.lst

title Return \n
configfile ()/boot/grub/submenu.lst


# u≈Ã‘À––slax
title Start slax \n
set showpath=1
set showdir=0
set slient=1
command SISO RUN --noload --autolist-all show.iso subdir=1 /iso/slax/ --end exit
set path=%filename%
find --set-root %path%
kernel /iso/slax/vmlinuz from=%path% load_ramdisk=1 prompt_ramdisk=0 rw printk.time=0 slax.flags=perch,xmode locale=zh_CN.UTF-8
initrd /iso/slax/initrfs.img


# Start TinyCore-linux
title Start TinyCore Linux \n change the root passwd by sudo first
set showpath=1
set showdir=0
set slient=1
command SISO RUN --noload --autolist-all show.iso subdir=1 /iso/TinyCore/ --end exit
set path=%filename%
find --set-root %path%
map --mem %path% (0xff)
map --hook
chainloader (0xff)


